-------------------------------------------------------------------------------
Test set: CourierRegistrationTest
-------------------------------------------------------------------------------
Tests run: 2, Failures: 1, Errors: 0, Skipped: 0, Time elapsed: 0.532 s <<< FAILURE! - in CourierRegistrationTest
checkResponseAfterRegistrationOfSecondCourierWithSameParametersTest(CourierRegistrationTest)  Time elapsed: 0.328 s  <<< FAILURE!
java.lang.AssertionError: 
1 expectation failed.
JSON path message doesn't match.
Expected: Этот логин уже используется
  Actual: Этот логин уже используется. Попробуйте другой.

	at CourierRegistrationTest.checkResponseAfterRegistrationOfSecondCourierWithSameParametersTest(CourierRegistrationTest.java:63)

